[  177085ms] [ERROR] Failed to load resource: net::ERR_CONNECTION_RESET @ http://localhost:3000/socket.io/?EIO=4&transport=polling&t=PoMl5CZ:0
[  484883ms] [ERROR] Failed to load resource: net::ERR_CONNECTION_REFUSED @ http://localhost:3000/socket.io/?EIO=4&transport=polling&t=PoMmGLw:0
[  487870ms] [ERROR] Failed to load resource: net::ERR_CONNECTION_REFUSED @ http://localhost:3000/socket.io/?EIO=4&transport=polling&t=PoMmH4e:0
[  492878ms] [ERROR] Failed to load resource: net::ERR_CONNECTION_REFUSED @ http://localhost:3000/socket.io/?EIO=4&transport=polling&t=PoMmIIq:0
[  497676ms] [ERROR] Failed to load resource: net::ERR_CONNECTION_REFUSED @ http://localhost:3000/socket.io/?EIO=4&transport=polling&t=PoMmJTq:0
[  502685ms] [ERROR] Failed to load resource: net::ERR_CONNECTION_REFUSED @ http://localhost:3000/socket.io/?EIO=4&transport=polling&t=PoMmKi2:0
[  507693ms] [ERROR] Failed to load resource: net::ERR_CONNECTION_REFUSED @ http://localhost:3000/socket.io/?EIO=4&transport=polling&t=PoMmLwJ:0
[  512701ms] [ERROR] Failed to load resource: net::ERR_CONNECTION_REFUSED @ http://localhost:3000/socket.io/?EIO=4&transport=polling&t=PoMmN8Z:0
[  517704ms] [ERROR] Failed to load resource: net::ERR_CONNECTION_REFUSED @ http://localhost:3000/socket.io/?EIO=4&transport=polling&t=PoMmOMo:0
[  522706ms] [ERROR] Failed to load resource: net::ERR_CONNECTION_REFUSED @ http://localhost:3000/socket.io/?EIO=4&transport=polling&t=PoMmPaz:0
[  527709ms] [ERROR] Failed to load resource: net::ERR_CONNECTION_REFUSED @ http://localhost:3000/socket.io/?EIO=4&transport=polling&t=PoMmQp7:0
[  532716ms] [ERROR] Failed to load resource: net::ERR_CONNECTION_REFUSED @ http://localhost:3000/socket.io/?EIO=4&transport=polling&t=PoMmS1J:0
[  537720ms] [ERROR] Failed to load resource: net::ERR_CONNECTION_REFUSED @ http://localhost:3000/socket.io/?EIO=4&transport=polling&t=PoMmTFY:0
[  542725ms] [ERROR] Failed to load resource: net::ERR_CONNECTION_REFUSED @ http://localhost:3000/socket.io/?EIO=4&transport=polling&t=PoMmUTk:0
[  547732ms] [ERROR] Failed to load resource: net::ERR_CONNECTION_REFUSED @ http://localhost:3000/socket.io/?EIO=4&transport=polling&t=PoMmVhx:0
[  552738ms] [ERROR] Failed to load resource: net::ERR_CONNECTION_REFUSED @ http://localhost:3000/socket.io/?EIO=4&transport=polling&t=PoMmWw9:0
[  557744ms] [ERROR] Failed to load resource: net::ERR_CONNECTION_REFUSED @ http://localhost:3000/socket.io/?EIO=4&transport=polling&t=PoMmY8N:0
[  562750ms] [ERROR] Failed to load resource: net::ERR_CONNECTION_REFUSED @ http://localhost:3000/socket.io/?EIO=4&transport=polling&t=PoMmZMb:0
[  567759ms] [ERROR] Failed to load resource: net::ERR_CONNECTION_REFUSED @ http://localhost:3000/socket.io/?EIO=4&transport=polling&t=PoMmaaq:0
[  572765ms] [ERROR] Failed to load resource: net::ERR_CONNECTION_REFUSED @ http://localhost:3000/socket.io/?EIO=4&transport=polling&t=PoMmbp5:0
[  577770ms] [ERROR] Failed to load resource: net::ERR_CONNECTION_REFUSED @ http://localhost:3000/socket.io/?EIO=4&transport=polling&t=PoMmd1I:0
[  582776ms] [ERROR] Failed to load resource: net::ERR_CONNECTION_REFUSED @ http://localhost:3000/socket.io/?EIO=4&transport=polling&t=PoMmeFW:0
[  587781ms] [ERROR] Failed to load resource: net::ERR_CONNECTION_REFUSED @ http://localhost:3000/socket.io/?EIO=4&transport=polling&t=PoMmfTk:0
[  592786ms] [ERROR] Failed to load resource: net::ERR_CONNECTION_REFUSED @ http://localhost:3000/socket.io/?EIO=4&transport=polling&t=PoMmghy:0
[  597791ms] [ERROR] Failed to load resource: net::ERR_CONNECTION_RESET @ http://localhost:3000/socket.io/?EIO=4&transport=polling&t=PoMmhw7:0
[  612207ms] [ERROR] Failed to load resource: net::ERR_CONNECTION_REFUSED @ http://localhost:3000/socket.io/?EIO=4&transport=polling&t=PoMmlRN:0
[  614150ms] [ERROR] Failed to load resource: net::ERR_CONNECTION_REFUSED @ http://localhost:3000/socket.io/?EIO=4&transport=polling&t=PoMmlvn:0
[  617640ms] [ERROR] Failed to load resource: net::ERR_CONNECTION_REFUSED @ http://localhost:3000/socket.io/?EIO=4&transport=polling&t=PoMmmmE:0
[  622649ms] [ERROR] Failed to load resource: net::ERR_CONNECTION_REFUSED @ http://localhost:3000/socket.io/?EIO=4&transport=polling&t=PoMmn-V:0
[  627654ms] [ERROR] Failed to load resource: net::ERR_CONNECTION_REFUSED @ http://localhost:3000/socket.io/?EIO=4&transport=polling&t=PoMmpCk:0
[  632658ms] [ERROR] Failed to load resource: net::ERR_CONNECTION_REFUSED @ http://localhost:3000/socket.io/?EIO=4&transport=polling&t=PoMmqQx:0
[  637664ms] [ERROR] Failed to load resource: net::ERR_CONNECTION_REFUSED @ http://localhost:3000/socket.io/?EIO=4&transport=polling&t=PoMmrf8:0
[  642671ms] [ERROR] Failed to load resource: net::ERR_CONNECTION_REFUSED @ http://localhost:3000/socket.io/?EIO=4&transport=polling&t=PoMmstM:0
[  647674ms] [ERROR] Failed to load resource: net::ERR_CONNECTION_REFUSED @ http://localhost:3000/socket.io/?EIO=4&transport=polling&t=PoMmu5a:0
[  652676ms] [ERROR] Failed to load resource: net::ERR_CONNECTION_REFUSED @ http://localhost:3000/socket.io/?EIO=4&transport=polling&t=PoMmvJl:0
[  657683ms] [ERROR] Failed to load resource: net::ERR_CONNECTION_REFUSED @ http://localhost:3000/socket.io/?EIO=4&transport=polling&t=PoMmwXw:0
[  662687ms] [ERROR] Failed to load resource: net::ERR_CONNECTION_REFUSED @ http://localhost:3000/socket.io/?EIO=4&transport=polling&t=PoMmxm9:0
[  667691ms] [ERROR] Failed to load resource: net::ERR_CONNECTION_REFUSED @ http://localhost:3000/socket.io/?EIO=4&transport=polling&t=PoMmy-K:0
[  672698ms] [ERROR] Failed to load resource: net::ERR_CONNECTION_REFUSED @ http://localhost:3000/socket.io/?EIO=4&transport=polling&t=PoMm-CW:0
[  677705ms] [ERROR] Failed to load resource: net::ERR_CONNECTION_REFUSED @ http://localhost:3000/socket.io/?EIO=4&transport=polling&t=PoMm_Qm:0
[  682713ms] [ERROR] Failed to load resource: net::ERR_CONNECTION_REFUSED @ http://localhost:3000/socket.io/?EIO=4&transport=polling&t=PoMn0e_:0
[  687715ms] [ERROR] Failed to load resource: net::ERR_CONNECTION_REFUSED @ http://localhost:3000/socket.io/?EIO=4&transport=polling&t=PoMn1tE:0
[  692720ms] [ERROR] Failed to load resource: net::ERR_CONNECTION_REFUSED @ http://localhost:3000/socket.io/?EIO=4&transport=polling&t=PoMn35P:0
[  697725ms] [ERROR] Failed to load resource: net::ERR_CONNECTION_REFUSED @ http://localhost:3000/socket.io/?EIO=4&transport=polling&t=PoMn4Jc:0
[  702730ms] [ERROR] Failed to load resource: net::ERR_CONNECTION_REFUSED @ http://localhost:3000/socket.io/?EIO=4&transport=polling&t=PoMn5Xp:0
[  707733ms] [ERROR] Failed to load resource: net::ERR_CONNECTION_REFUSED @ http://localhost:3000/socket.io/?EIO=4&transport=polling&t=PoMn6l_:0
[  712741ms] [ERROR] Failed to load resource: net::ERR_CONNECTION_REFUSED @ http://localhost:3000/socket.io/?EIO=4&transport=polling&t=PoMn7-B:0
[  717746ms] [ERROR] Failed to load resource: net::ERR_CONNECTION_REFUSED @ http://localhost:3000/socket.io/?EIO=4&transport=polling&t=PoMn9CQ:0
[  722753ms] [ERROR] Failed to load resource: net::ERR_CONNECTION_REFUSED @ http://localhost:3000/socket.io/?EIO=4&transport=polling&t=PoMnAQe:0
[  727760ms] [ERROR] Failed to load resource: net::ERR_CONNECTION_REFUSED @ http://localhost:3000/socket.io/?EIO=4&transport=polling&t=PoMnBet:0
[  732769ms] [ERROR] Failed to load resource: net::ERR_CONNECTION_REFUSED @ http://localhost:3000/socket.io/?EIO=4&transport=polling&t=PoMnCt7:0
[  737777ms] [ERROR] Failed to load resource: net::ERR_CONNECTION_REFUSED @ http://localhost:3000/socket.io/?EIO=4&transport=polling&t=PoMnE5N:0
[  742785ms] [ERROR] Failed to load resource: net::ERR_CONNECTION_REFUSED @ http://localhost:3000/socket.io/?EIO=4&transport=polling&t=PoMnFJd:0
[  747792ms] [ERROR] Failed to load resource: net::ERR_CONNECTION_REFUSED @ http://localhost:3000/socket.io/?EIO=4&transport=polling&t=PoMnGXs:0
[  752808ms] [ERROR] Failed to load resource: net::ERR_CONNECTION_REFUSED @ http://localhost:3000/socket.io/?EIO=4&transport=polling&t=PoMnHm8:0
[  757814ms] [ERROR] Failed to load resource: net::ERR_CONNECTION_REFUSED @ http://localhost:3000/socket.io/?EIO=4&transport=polling&t=PoMnI-U:0
[  762825ms] [ERROR] Failed to load resource: net::ERR_CONNECTION_REFUSED @ http://localhost:3000/socket.io/?EIO=4&transport=polling&t=PoMnKCi:0
[  767834ms] [ERROR] Failed to load resource: net::ERR_CONNECTION_REFUSED @ http://localhost:3000/socket.io/?EIO=4&transport=polling&t=PoMnLR0:0
[  772837ms] [ERROR] Failed to load resource: net::ERR_CONNECTION_REFUSED @ http://localhost:3000/socket.io/?EIO=4&transport=polling&t=PoMnMfF:0
[  777840ms] [ERROR] Failed to load resource: net::ERR_CONNECTION_REFUSED @ http://localhost:3000/socket.io/?EIO=4&transport=polling&t=PoMnNtR:0
[  782844ms] [ERROR] Failed to load resource: net::ERR_CONNECTION_REFUSED @ http://localhost:3000/socket.io/?EIO=4&transport=polling&t=PoMnP5c:0
[  787847ms] [ERROR] Failed to load resource: net::ERR_CONNECTION_REFUSED @ http://localhost:3000/socket.io/?EIO=4&transport=polling&t=PoMnQJn:0
[  792851ms] [ERROR] Failed to load resource: net::ERR_CONNECTION_REFUSED @ http://localhost:3000/socket.io/?EIO=4&transport=polling&t=PoMnRXz:0
[  797855ms] [ERROR] Failed to load resource: net::ERR_CONNECTION_REFUSED @ http://localhost:3000/socket.io/?EIO=4&transport=polling&t=PoMnSm8:0
[  802865ms] [ERROR] Failed to load resource: net::ERR_CONNECTION_REFUSED @ http://localhost:3000/socket.io/?EIO=4&transport=polling&t=PoMnT-K:0
[  807880ms] [ERROR] Failed to load resource: net::ERR_CONNECTION_REFUSED @ http://localhost:3000/socket.io/?EIO=4&transport=polling&t=PoMnVCc:0
[  812885ms] [ERROR] Failed to load resource: net::ERR_CONNECTION_REFUSED @ http://localhost:3000/socket.io/?EIO=4&transport=polling&t=PoMnWQz:0
[  817891ms] [ERROR] Failed to load resource: net::ERR_CONNECTION_REFUSED @ http://localhost:3000/socket.io/?EIO=4&transport=polling&t=PoMnXfB:0
[  822895ms] [ERROR] Failed to load resource: net::ERR_CONNECTION_REFUSED @ http://localhost:3000/socket.io/?EIO=4&transport=polling&t=PoMnYtO:0
[  827899ms] [ERROR] Failed to load resource: net::ERR_CONNECTION_REFUSED @ http://localhost:3000/socket.io/?EIO=4&transport=polling&t=PoMna5a:0
